This file contains any messages produced by compilers while
running configure, to aid debugging if configure makes a mistake.

It was created by DVC configure 0, which was
generated by GNU Autoconf 2.59.  Invocation command line was

  $ ./configure 

## --------- ##
## Platform. ##
## --------- ##

hostname = Ravig
uname -m = i686
uname -r = 1.7.1(0.218/5/3)
uname -s = CYGWIN_NT-5.1
uname -v = 2009-12-07 11:48

/usr/bin/uname -p = unknown
/bin/uname -X     = unknown

/bin/arch              = i686
/usr/bin/arch -k       = unknown
/usr/convex/getsysinfo = unknown
hostinfo               = unknown
/bin/machine           = unknown
/usr/bin/oslevel       = unknown
/bin/universe          = unknown

PATH: /usr/local/bin
PATH: /usr/bin
PATH: /bin
PATH: /cygdrive/c/Python26/Lib/site-packages/PyQt4/bin
PATH: /cygdrive/c/apps/apache-maven-2.2.1/bin
PATH: /cygdrive/c/apps/jad
PATH: /cygdrive/c/Program Files/Java/jdk1.6.0_05/bin
PATH: /cygdrive/c/Program Files/CollabNet Subversion
PATH: /cygdrive/c/Program Files/Microsoft DirectX SDK (March 2008)/Utilities/Bin/x86
PATH: /cygdrive/c/Python25/
PATH: /cygdrive/c/Perl/bin/
PATH: /cygdrive/c/WINDOWS/system32
PATH: /cygdrive/c/WINDOWS
PATH: /cygdrive/c/WINDOWS/System32/Wbem
PATH: /cygdrive/c/Program Files/Subversion/bin
PATH: /cygdrive/c/Program Files/TortoiseSVN/bin
PATH: /cygdrive/c/Program Files/MySQL/MySQL Server 5.1/bin
PATH: /cygdrive/c/Program Files/CollabNet Subversion
PATH: /cygdrive/c/Program Files/Debugging Tools for Windows
PATH: /cygdrive/c/WINDOWS/system32/WindowsPowerShell/v1.0/
PATH: /cygdrive/c/Program Files/QuickTime/QTSystem/
PATH: /cygdrive/c/Program Files/Microsoft SQL Server/100/Tools/Binn/
PATH: /cygdrive/c/Program Files/Microsoft SQL Server/100/DTS/Binn/
PATH: /cygdrive/c/WINDOWS/system32/WindowsPowerShell/v1.0
PATH: /cygdrive/c/Program Files/TortoiseHg
PATH: /cygdrive/c/apps/emacs-23.1/bin
PATH: /cygdrive/c/Program Files/Mercurial
PATH: /usr/bin
PATH: /cygdrive/c/Program Files/IDM Computer Solutions/UltraEdit/
PATH: /cygdrive/c/Program Files/IDM Computer Solutions/UltraCompare/
PATH: /cygdrive/c/apps/apache-ant-1.7.0/bin
PATH: /cygdrive/c/Program Files/Java/jdk1.6.0_07/bin
PATH: /cygdrive/c/Documents and Settings/QA_Testing/My Documents/Downloads/Binary/Binary/cxcore/chopencv/bin
PATH: /cygdrive/c/Program Files/CVSNT/


## ----------- ##
## Core tests. ##
## ----------- ##

configure:1259: checking whether make sets $(MAKE)
configure:1279: result: yes
configure:1326: checking for a BSD-compatible install
configure:1381: result: /usr/bin/install -c
configure:1409: checking for emacs
configure:1425: found /cygdrive/c/apps/emacs-23.1/bin/emacs
configure:1435: result: emacs
configure:1452: checking emacs-type of emacs
configure:1459: result: emacs
configure:1469: checking where .elc files should go
configure:1489: result: $(prefix)/share/emacs/site-lisp/dvc
configure:1497: checking where the TeXinfo docs should go
configure:1508: result: $(prefix)/share/info
configure:1522: checking for tla
configure:1551: result: no
configure:1568: checking for baz
configure:1597: result: no
configure:1605: checking arch branch to use
configure:1620: result: none
configure:1634: checking for diff
configure:1650: found /usr/bin/diff
configure:1660: result: diff
configure:1684: checking for patch
configure:1713: result: no
configure:1718: WARNING: *** No patch program found.
configure:1734: checking whether tree-widget is in the load-path
configure:1745: result: yes
configure:1886: creating ./config.status

## ---------------------- ##
## Running config.status. ##
## ---------------------- ##

This file was extended by DVC config.status 0, which was
generated by GNU Autoconf 2.59.  Invocation command line was

  CONFIG_FILES    = 
  CONFIG_HEADERS  = 
  CONFIG_LINKS    = 
  CONFIG_COMMANDS = 
  $ ./config.status 

on Ravig

config.status:647: creating Makefile
config.status:647: creating lisp/Makefile
config.status:647: creating texinfo/Makefile
config.status:647: creating dvc-load.el
config.status:647: creating lisp/dvc-site.el

## ---------------- ##
## Cache variables. ##
## ---------------- ##

ac_cv_env_build_alias_set=
ac_cv_env_build_alias_value=
ac_cv_env_host_alias_set=
ac_cv_env_host_alias_value=
ac_cv_env_target_alias_set=
ac_cv_env_target_alias_value=
ac_cv_path_install='/usr/bin/install -c'
ac_cv_prog_DIFF=diff
ac_cv_prog_EMACS_PROG=emacs
ac_cv_prog_make_make_set=yes

## ----------------- ##
## Output variables. ##
## ----------------- ##

ARCH_BRANCH='none'
BAZ=''
DEFS='-DPACKAGE_NAME=\"DVC\" -DPACKAGE_TARNAME=\"dvc\" -DPACKAGE_VERSION=\"0\" -DPACKAGE_STRING=\"DVC\ 0\" -DPACKAGE_BUGREPORT=\"dvc-dev@gna.org\" '
DIFF='diff'
ECHO_C=''
ECHO_N='-n'
ECHO_T=''
EMACS_PROG='emacs'
FLAGS='--no-site-file'
INSTALL_DATA='${INSTALL} -m 644'
INSTALL_PROGRAM='${INSTALL}'
INSTALL_SCRIPT='${INSTALL}'
LIBOBJS=''
LIBS=''
LTLIBOBJS=''
OTHERDIRS=''
PACKAGE_BUGREPORT='dvc-dev@gna.org'
PACKAGE_NAME='DVC'
PACKAGE_STRING='DVC 0'
PACKAGE_TARNAME='dvc'
PACKAGE_VERSION='0'
PATCH=''
PATH_SEPARATOR=':'
SET_MAKE=''
SHELL='/bin/sh'
TLA=''
bindir='${exec_prefix}/bin'
build_alias=''
datadir='$(prefix)/share'
exec_prefix='${prefix}'
host_alias=''
includedir='${prefix}/include'
info_dir='$(prefix)/share/info'
infodir='${prefix}/info'
libdir='${exec_prefix}/lib'
libexecdir='${exec_prefix}/libexec'
lispdir='$(prefix)/share/emacs/site-lisp/dvc'
localstatedir='${prefix}/var'
mandir='${prefix}/man'
oldincludedir='/usr/include'
prefix='/usr/local'
program_transform_name='s,x,x,'
sbindir='${exec_prefix}/sbin'
sharedstatedir='${prefix}/com'
sysconfdir='${prefix}/etc'
target_alias=''

## ----------- ##
## confdefs.h. ##
## ----------- ##

#define PACKAGE_BUGREPORT "dvc-dev@gna.org"
#define PACKAGE_NAME "DVC"
#define PACKAGE_STRING "DVC 0"
#define PACKAGE_TARNAME "dvc"
#define PACKAGE_VERSION "0"

configure: exit 0
